<?xml version="1.0" encoding="UTF-8"?>
<!-- Generated by org.testng.reporters.JUnitReportReporter -->
<testsuite hostname="DESKTOP-E83UR7E" failures="0" tests="2" name="Academy.HomePage" time="33.451" errors="0" timestamp="27 Dec 2019 04:02:51 GMT">
  <testcase classname="Academy.HomePage" name="basePageNavigation" time="18.867"/>
  <testcase classname="Academy.HomePage" name="basePageNavigation" time="14.584"/>
</testsuite> <!-- Academy.HomePage -->
