<?xml version="1.0" encoding="UTF-8"?>
<!-- Generated by org.testng.reporters.JUnitReportReporter -->
<testsuite hostname="DESKTOP-E83UR7E" failures="0" tests="1" name="Academy.ValidateNavigationBar" time="0.178" errors="0" timestamp="27 Dec 2019 05:18:54 GMT">
  <testcase classname="Academy.ValidateNavigationBar" name="validateText" time="0.178"/>
</testsuite> <!-- Academy.ValidateNavigationBar -->
