<?xml version="1.0" encoding="UTF-8"?>
<!-- Generated by org.testng.reporters.JUnitReportReporter -->
<testsuite hostname="DESKTOP-E83UR7E" failures="0" tests="2" name="Academy.HomePage" time="38.878" errors="0" timestamp="27 Dec 2019 05:18:54 GMT">
  <testcase classname="Academy.HomePage" name="basePageNavigation" time="22.663"/>
  <testcase classname="Academy.HomePage" name="basePageNavigation" time="16.215"/>
</testsuite> <!-- Academy.HomePage -->
